=== PyTris Debug Log ===
Started at: 2025-07-14 21:07:16

[21:07:16] DEBUG: Generating background for level 1
[21:07:16] DEBUG: Background base color: hue=30, sat=60, val=25
[21:07:16] DEBUG: Adding 5 background tetrominos
[21:07:34] DEBUG: Completing line clear animation at level 1, duration: 235ms
[21:07:34] DEBUG: Starting clear animation finish, lines to clear: [19]
[21:07:34] DEBUG: Sorted lines: [19]
[21:07:34] DEBUG: Field reconstruction completed with 1 lines cleared
[21:07:44] DEBUG: Completing line clear animation at level 1, duration: 235ms
[21:07:44] DEBUG: Starting clear animation finish, lines to clear: [19]
[21:07:44] DEBUG: Sorted lines: [19]
[21:07:44] DEBUG: Field reconstruction completed with 1 lines cleared
[21:07:46] DEBUG: Completing line clear animation at level 1, duration: 235ms
[21:07:46] DEBUG: Starting clear animation finish, lines to clear: [19]
[21:07:46] DEBUG: Sorted lines: [19]
[21:07:46] DEBUG: Field reconstruction completed with 1 lines cleared
[21:07:48] DEBUG: Completing line clear animation at level 1, duration: 235ms
[21:07:48] DEBUG: Starting clear animation finish, lines to clear: [19]
[21:07:48] DEBUG: Sorted lines: [19]
[21:07:48] DEBUG: Field reconstruction completed with 1 lines cleared
[21:07:54] DEBUG: Completing line clear animation at level 1, duration: 235ms
[21:07:54] DEBUG: Starting clear animation finish, lines to clear: [19]
[21:07:54] DEBUG: Sorted lines: [19]
[21:07:54] DEBUG: Field reconstruction completed with 1 lines cleared
[21:07:58] DEBUG: Generating background for level 1
[21:07:58] DEBUG: Background base color: hue=30, sat=60, val=25
[21:07:58] DEBUG: Adding 5 background tetrominos
